<?xml version="1.0" encoding="UTF-8"?>
<coverage generated="1561667319590" clover="3.2.0">
  <project timestamp="1561667319590" name="All files">
    <metrics statements="31" coveredstatements="31" conditionals="4" coveredconditionals="3" methods="12" coveredmethods="12" elements="47" coveredelements="46" complexity="0" loc="31" ncloc="31" packages="4" files="6" classes="6"/>
    <package name="app.components">
      <metrics statements="2" coveredstatements="2" conditionals="0" coveredconditionals="0" methods="2" coveredmethods="2"/>
      <file name="signupComponent.jsx" path="/Users/sanyakenneth/Desktop/ireporter-react/src/app/components/signupComponent.jsx">
        <metrics statements="1" coveredstatements="1" conditionals="0" coveredconditionals="0" methods="1" coveredmethods="1"/>
        <line num="7" count="1" type="stmt"/>
      </file>
      <file name="viewReportComponent.jsx" path="/Users/sanyakenneth/Desktop/ireporter-react/src/app/components/viewReportComponent.jsx">
        <metrics statements="1" coveredstatements="1" conditionals="0" coveredconditionals="0" methods="1" coveredmethods="1"/>
        <line num="7" count="1" type="stmt"/>
      </file>
    </package>
    <package name="app.containers">
      <metrics statements="14" coveredstatements="14" conditionals="0" coveredconditionals="0" methods="5" coveredmethods="5"/>
      <file name="signupContainer.jsx" path="/Users/sanyakenneth/Desktop/ireporter-react/src/app/containers/signupContainer.jsx">
        <metrics statements="14" coveredstatements="14" conditionals="0" coveredconditionals="0" methods="5" coveredmethods="5"/>
        <line num="9" count="5" type="stmt"/>
        <line num="10" count="5" type="stmt"/>
        <line num="21" count="5" type="stmt"/>
        <line num="22" count="1" type="stmt"/>
        <line num="23" count="1" type="stmt"/>
        <line num="32" count="1" type="stmt"/>
        <line num="33" count="1" type="stmt"/>
        <line num="35" count="1" type="stmt"/>
        <line num="46" count="5" type="stmt"/>
        <line num="47" count="1" type="stmt"/>
        <line num="51" count="6" type="stmt"/>
        <line num="52" count="6" type="stmt"/>
        <line num="53" count="6" type="stmt"/>
        <line num="66" count="1" type="stmt"/>
      </file>
    </package>
    <package name="redux.actions">
      <metrics statements="9" coveredstatements="9" conditionals="0" coveredconditionals="0" methods="4" coveredmethods="4"/>
      <file name="signupAction.js" path="/Users/sanyakenneth/Desktop/ireporter-react/src/redux/actions/signupAction.js">
        <metrics statements="7" coveredstatements="7" conditionals="0" coveredconditionals="0" methods="4" coveredmethods="4"/>
        <line num="5" count="2" type="stmt"/>
        <line num="7" count="2" type="stmt"/>
        <line num="15" count="2" type="stmt"/>
        <line num="26" count="1" type="stmt"/>
        <line num="30" count="1" type="stmt"/>
        <line num="36" count="1" type="stmt"/>
        <line num="40" count="1" type="stmt"/>
      </file>
      <file name="types.js" path="/Users/sanyakenneth/Desktop/ireporter-react/src/redux/actions/types.js">
        <metrics statements="2" coveredstatements="2" conditionals="0" coveredconditionals="0" methods="0" coveredmethods="0"/>
        <line num="1" count="3" type="stmt"/>
        <line num="6" count="3" type="stmt"/>
      </file>
    </package>
    <package name="redux.reducers">
      <metrics statements="6" coveredstatements="6" conditionals="4" coveredconditionals="3" methods="1" coveredmethods="1"/>
      <file name="signupReducer.js" path="/Users/sanyakenneth/Desktop/ireporter-react/src/redux/reducers/signupReducer.js">
        <metrics statements="6" coveredstatements="6" conditionals="4" coveredconditionals="3" methods="1" coveredmethods="1"/>
        <line num="3" count="1" type="stmt"/>
        <line num="10" count="3" type="stmt"/>
        <line num="11" count="3" type="cond" truecount="3" falsecount="0"/>
        <line num="13" count="1" type="stmt"/>
        <line num="19" count="1" type="stmt"/>
        <line num="25" count="1" type="stmt"/>
      </file>
    </package>
  </project>
</coverage>
