{"/Users/sanyakenneth/Desktop/ireporter-react/src/app/components/signupComponent.jsx": {"path":"/Users/sanyakenneth/Desktop/ireporter-react/src/app/components/signupComponent.jsx","statementMap":{"0":{"start":{"line":7,"column":2},"end":{"line":92,"column":8}}},"fnMap":{"0":{"name":"SignupComponent","decl":{"start":{"line":6,"column":24},"end":{"line":6,"column":39}},"loc":{"start":{"line":6,"column":47},"end":{"line":93,"column":5}},"line":6}},"branchMap":{},"s":{"0":1},"f":{"0":1},"b":{},"_coverageSchema":"43e27e138ebf9cfc5966b082cf9a028302ed4184","hash":"b1ec7493e2d3c2714dad807894ab142526e3c0d0"}
,"/Users/sanyakenneth/Desktop/ireporter-react/src/app/components/viewReportComponent.jsx": {"path":"/Users/sanyakenneth/Desktop/ireporter-react/src/app/components/viewReportComponent.jsx","statementMap":{"0":{"start":{"line":7,"column":8},"end":{"line":73,"column":10}}},"fnMap":{"0":{"name":"(anonymous_0)","decl":{"start":{"line":6,"column":4},"end":{"line":6,"column":5}},"loc":{"start":{"line":6,"column":13},"end":{"line":74,"column":5}},"line":6}},"branchMap":{},"s":{"0":1},"f":{"0":1},"b":{},"_coverageSchema":"43e27e138ebf9cfc5966b082cf9a028302ed4184","hash":"51c33ff40f8d62a1ea63581a442267422d49c062"}
,"/Users/sanyakenneth/Desktop/ireporter-react/src/app/containers/signupContainer.jsx": {"path":"/Users/sanyakenneth/Desktop/ireporter-react/src/app/containers/signupContainer.jsx","statementMap":{"0":{"start":{"line":9,"column":4},"end":{"line":9,"column":17}},"1":{"start":{"line":10,"column":4},"end":{"line":18,"column":6}},"2":{"start":{"line":21,"column":19},"end":{"line":44,"column":5}},"3":{"start":{"line":22,"column":6},"end":{"line":22,"column":38}},"4":{"start":{"line":23,"column":6},"end":{"line":23,"column":29}},"5":{"start":{"line":32,"column":10},"end":{"line":32,"column":20}},"6":{"start":{"line":33,"column":31},"end":{"line":33,"column":41}},"7":{"start":{"line":35,"column":6},"end":{"line":43,"column":8}},"8":{"start":{"line":46,"column":19},"end":{"line":48,"column":5}},"9":{"start":{"line":47,"column":6},"end":{"line":47,"column":63}},"10":{"start":{"line":51,"column":6},"end":{"line":51,"column":30}},"11":{"start":{"line":52,"column":47},"end":{"line":52,"column":57}},"12":{"start":{"line":53,"column":6},"end":{"line":62,"column":8}},"13":{"start":{"line":66,"column":31},"end":{"line":69,"column":2}},"14":{"start":{"line":66,"column":41},"end":{"line":69,"column":1}}},"fnMap":{"0":{"name":"(anonymous_0)","decl":{"start":{"line":8,"column":2},"end":{"line":8,"column":3}},"loc":{"start":{"line":8,"column":21},"end":{"line":19,"column":3}},"line":8},"1":{"name":"(anonymous_1)","decl":{"start":{"line":21,"column":19},"end":{"line":21,"column":20}},"loc":{"start":{"line":21,"column":30},"end":{"line":44,"column":5}},"line":21},"2":{"name":"(anonymous_2)","decl":{"start":{"line":46,"column":19},"end":{"line":46,"column":20}},"loc":{"start":{"line":46,"column":30},"end":{"line":48,"column":5}},"line":46},"3":{"name":"(anonymous_3)","decl":{"start":{"line":50,"column":4},"end":{"line":50,"column":5}},"loc":{"start":{"line":50,"column":13},"end":{"line":63,"column":5}},"line":50},"4":{"name":"(anonymous_4)","decl":{"start":{"line":66,"column":31},"end":{"line":66,"column":32}},"loc":{"start":{"line":66,"column":41},"end":{"line":69,"column":1}},"line":66}},"branchMap":{},"s":{"0":5,"1":5,"2":5,"3":1,"4":1,"5":1,"6":1,"7":1,"8":5,"9":1,"10":6,"11":6,"12":6,"13":1,"14":1},"f":{"0":5,"1":1,"2":1,"3":6,"4":1},"b":{},"_coverageSchema":"43e27e138ebf9cfc5966b082cf9a028302ed4184","hash":"31e2e72577c2f6d47e5bd10c99881a5f34dc012e"}
,"/Users/sanyakenneth/Desktop/ireporter-react/src/redux/actions/signupAction.js": {"path":"/Users/sanyakenneth/Desktop/ireporter-react/src/redux/actions/signupAction.js","statementMap":{"0":{"start":{"line":5,"column":18},"end":{"line":5,"column":67}},"1":{"start":{"line":7,"column":28},"end":{"line":44,"column":4}},"2":{"start":{"line":15,"column":5},"end":{"line":44,"column":4}},"3":{"start":{"line":15,"column":17},"end":{"line":44,"column":4}},"4":{"start":{"line":26,"column":4},"end":{"line":29,"column":7}},"5":{"start":{"line":30,"column":4},"end":{"line":33,"column":7}},"6":{"start":{"line":36,"column":4},"end":{"line":39,"column":7}},"7":{"start":{"line":40,"column":4},"end":{"line":43,"column":7}}},"fnMap":{"0":{"name":"(anonymous_0)","decl":{"start":{"line":7,"column":28},"end":{"line":7,"column":29}},"loc":{"start":{"line":15,"column":5},"end":{"line":44,"column":4}},"line":15},"1":{"name":"(anonymous_1)","decl":{"start":{"line":15,"column":5},"end":{"line":15,"column":6}},"loc":{"start":{"line":15,"column":17},"end":{"line":44,"column":4}},"line":15},"2":{"name":"(anonymous_2)","decl":{"start":{"line":25,"column":8},"end":{"line":25,"column":9}},"loc":{"start":{"line":25,"column":22},"end":{"line":34,"column":3}},"line":25},"3":{"name":"(anonymous_3)","decl":{"start":{"line":35,"column":9},"end":{"line":35,"column":10}},"loc":{"start":{"line":35,"column":20},"end":{"line":44,"column":3}},"line":35}},"branchMap":{},"s":{"0":2,"1":2,"2":2,"3":2,"4":1,"5":1,"6":1,"7":1},"f":{"0":2,"1":2,"2":1,"3":1},"b":{},"_coverageSchema":"43e27e138ebf9cfc5966b082cf9a028302ed4184","hash":"8d3c4b8b28f02377ea843ae885847f8ae629faa5"}
,"/Users/sanyakenneth/Desktop/ireporter-react/src/redux/actions/types.js": {"path":"/Users/sanyakenneth/Desktop/ireporter-react/src/redux/actions/types.js","statementMap":{"0":{"start":{"line":1,"column":27},"end":{"line":4,"column":1}},"1":{"start":{"line":6,"column":26},"end":{"line":9,"column":1}}},"fnMap":{},"branchMap":{},"s":{"0":3,"1":3},"f":{},"b":{},"_coverageSchema":"43e27e138ebf9cfc5966b082cf9a028302ed4184","hash":"75bf12cb6d6de08fc2df7922ab3eeb2d05ade606"}
,"/Users/sanyakenneth/Desktop/ireporter-react/src/redux/reducers/signupReducer.js": {"path":"/Users/sanyakenneth/Desktop/ireporter-react/src/redux/reducers/signupReducer.js","statementMap":{"0":{"start":{"line":3,"column":21},"end":{"line":7,"column":1}},"1":{"start":{"line":10,"column":21},"end":{"line":10,"column":32}},"2":{"start":{"line":11,"column":2},"end":{"line":26,"column":3}},"3":{"start":{"line":13,"column":6},"end":{"line":17,"column":8}},"4":{"start":{"line":19,"column":6},"end":{"line":23,"column":8}},"5":{"start":{"line":25,"column":6},"end":{"line":25,"column":19}}},"fnMap":{"0":{"name":"(anonymous_0)","decl":{"start":{"line":9,"column":15},"end":{"line":9,"column":16}},"loc":{"start":{"line":9,"column":49},"end":{"line":27,"column":1}},"line":9}},"branchMap":{"0":{"loc":{"start":{"line":9,"column":16},"end":{"line":9,"column":36}},"type":"default-arg","locations":[{"start":{"line":9,"column":24},"end":{"line":9,"column":36}}],"line":9},"1":{"loc":{"start":{"line":11,"column":2},"end":{"line":26,"column":3}},"type":"switch","locations":[{"start":{"line":12,"column":4},"end":{"line":17,"column":8}},{"start":{"line":18,"column":4},"end":{"line":23,"column":8}},{"start":{"line":24,"column":4},"end":{"line":25,"column":19}}],"line":11}},"s":{"0":1,"1":3,"2":3,"3":1,"4":1,"5":1},"f":{"0":3},"b":{"0":[0],"1":[1,1,1]},"_coverageSchema":"43e27e138ebf9cfc5966b082cf9a028302ed4184","hash":"6a942799fb42e640629efc08d2a59b7868992b9f"}
}
