TN:
SF:/Users/sanyakenneth/Desktop/ireporter-react/src/app/components/signupComponent.jsx
FN:6,SignupComponent
FNF:1
FNH:1
FNDA:1,SignupComponent
DA:7,1
LF:1
LH:1
BRF:0
BRH:0
end_of_record
TN:
SF:/Users/sanyakenneth/Desktop/ireporter-react/src/app/components/viewReportComponent.jsx
FN:6,(anonymous_0)
FNF:1
FNH:1
FNDA:1,(anonymous_0)
DA:7,1
LF:1
LH:1
BRF:0
BRH:0
end_of_record
TN:
SF:/Users/sanyakenneth/Desktop/ireporter-react/src/app/containers/signupContainer.jsx
FN:8,(anonymous_0)
FN:21,(anonymous_1)
FN:46,(anonymous_2)
FN:50,(anonymous_3)
FN:66,(anonymous_4)
FNF:5
FNH:5
FNDA:5,(anonymous_0)
FNDA:1,(anonymous_1)
FNDA:1,(anonymous_2)
FNDA:6,(anonymous_3)
FNDA:1,(anonymous_4)
DA:9,5
DA:10,5
DA:21,5
DA:22,1
DA:23,1
DA:32,1
DA:33,1
DA:35,1
DA:46,5
DA:47,1
DA:51,6
DA:52,6
DA:53,6
DA:66,1
LF:14
LH:14
BRF:0
BRH:0
end_of_record
TN:
SF:/Users/sanyakenneth/Desktop/ireporter-react/src/redux/actions/signupAction.js
FN:7,(anonymous_0)
FN:15,(anonymous_1)
FN:25,(anonymous_2)
FN:35,(anonymous_3)
FNF:4
FNH:4
FNDA:2,(anonymous_0)
FNDA:2,(anonymous_1)
FNDA:1,(anonymous_2)
FNDA:1,(anonymous_3)
DA:5,2
DA:7,2
DA:15,2
DA:26,1
DA:30,1
DA:36,1
DA:40,1
LF:7
LH:7
BRF:0
BRH:0
end_of_record
TN:
SF:/Users/sanyakenneth/Desktop/ireporter-react/src/redux/actions/types.js
FNF:0
FNH:0
DA:1,3
DA:6,3
LF:2
LH:2
BRF:0
BRH:0
end_of_record
TN:
SF:/Users/sanyakenneth/Desktop/ireporter-react/src/redux/reducers/signupReducer.js
FN:9,(anonymous_0)
FNF:1
FNH:1
FNDA:3,(anonymous_0)
DA:3,1
DA:10,3
DA:11,3
DA:13,1
DA:19,1
DA:25,1
LF:6
LH:6
BRDA:9,0,0,0
BRDA:11,1,0,1
BRDA:11,1,1,1
BRDA:11,1,2,1
BRF:4
BRH:3
end_of_record
